<?xml version="1.0" encoding="utf-8" standalone="no"?>
<!--This file represents the results of running a test suite-->
<test-results name="C:\Users\jpink_000\Documents\GitHub\Courses\Abstraction\Abstraction_Tests\bin\Debug\Abstraction_Tests.dll" total="2" errors="0" failures="1" not-run="0" inconclusive="0" ignored="0" skipped="0" invalid="0" date="2014-10-31" time="22:11:53">
  <environment nunit-version="2.6.3.13283" clr-version="2.0.50727.8009" os-version="Microsoft Windows NT 6.2.9200.0" platform="Win32NT" cwd="C:\Program Files (x86)\NUnit 2.6.3\bin" machine-name="DRWATSON" user="jpink_000" user-domain="DRWATSON" />
  <culture-info current-culture="en-US" current-uiculture="en-US" />
  <test-suite type="Assembly" name="C:\Users\jpink_000\Documents\GitHub\Courses\Abstraction\Abstraction_Tests\bin\Debug\Abstraction_Tests.dll" executed="True" result="Failure" success="False" time="0.015" asserts="0">
    <results>
      <test-suite type="Namespace" name="Abstraction_Tests" executed="True" result="Failure" success="False" time="0.013" asserts="0">
        <results>
          <test-suite type="TestFixture" name="HomeworkOne_Tests" executed="True" result="Failure" success="False" time="0.011" asserts="0">
            <results>
              <test-case name="Abstraction_Tests.HomeworkOne_Tests.PerfectNumbers_SixIsPerfect" executed="True" result="Success" success="True" time="0.000" asserts="1" />
              <test-case name="Abstraction_Tests.HomeworkOne_Tests.PerfectNumbers_ThreeIsNotPerfect" executed="True" result="Failure" success="False" time="0.002" asserts="1">
                <failure>
                  <message><![CDATA[  Expected: False
  But was:  True
]]></message>
                  <stack-trace><![CDATA[at Abstraction_Tests.HomeworkOne_Tests.PerfectNumbers_ThreeIsNotPerfect() in c:\Users\jpink_000\Documents\GitHub\Courses\Abstraction\Abstraction_Tests\HomeworkOne_Tests.cs:line 31
]]></stack-trace>
                </failure>
              </test-case>
            </results>
          </test-suite>
        </results>
      </test-suite>
    </results>
  </test-suite>
</test-results>