<?xml version="1.0" encoding="utf-8" standalone="no"?>
<!--This file represents the results of running a test suite-->
<test-results name="C:\Users\James\Documents\GitHub\Courses\Abstraction\Abstraction_Tests\bin\Debug\Abstraction_Tests.dll" total="3" errors="0" failures="0" not-run="0" inconclusive="0" ignored="0" skipped="0" invalid="0" date="2014-11-02" time="17:06:03">
  <environment nunit-version="2.6.3.13283" clr-version="2.0.50727.8009" os-version="Microsoft Windows NT 6.2.9200.0" platform="Win32NT" cwd="C:\Users\James\Documents\GitHub\Support_Packages\NUnit.Runners.2.6.3\tools" machine-name="BIG_BERTHA" user="James" user-domain="BIG_BERTHA" />
  <culture-info current-culture="en-US" current-uiculture="en-US" />
  <test-suite type="Assembly" name="C:\Users\James\Documents\GitHub\Courses\Abstraction\Abstraction_Tests\bin\Debug\Abstraction_Tests.dll" executed="True" result="Success" success="True" time="0.070" asserts="0">
    <results>
      <test-suite type="Namespace" name="Abstraction_Tests" executed="True" result="Success" success="True" time="0.055" asserts="0">
        <results>
          <test-suite type="TestFixture" name="HomeworkOne_Tests" executed="True" result="Success" success="True" time="0.052" asserts="0">
            <results>
              <test-case name="Abstraction_Tests.HomeworkOne_Tests.PerfectNumbers_SixIsPerfect" executed="True" result="Success" success="True" time="0.036" asserts="1" />
              <test-case name="Abstraction_Tests.HomeworkOne_Tests.PerfectNumbers_ThreeIsNotPerfect" executed="True" result="Success" success="True" time="0.001" asserts="1" />
              <test-case name="Abstraction_Tests.HomeworkOne_Tests.PerfectNumbers_TwentyEightIsPerfect" executed="True" result="Success" success="True" time="0.000" asserts="1" />
            </results>
          </test-suite>
        </results>
      </test-suite>
    </results>
  </test-suite>
</test-results>